2018-12-13T20:16:31.824Z ERROR   :HLFConnectionManager     :fabric-client()           [client-utils.js]: sendPeersProposal - Promise is rejected: Error: 2 UNKNOWN: error executing chaincode: transaction returned with failure: Error: Failed to add object with ID 'Farmer1' in collection with ID 'Participant:ch.cowchain.Farmer' as the object already exists
    at new createStatusError (/home/composer/.npm-global/lib/node_modules/composer-rest-server/node_modules/grpc/src/client.js:64:15)
    at /home/composer/.npm-global/lib/node_modules/composer-rest-server/node_modules/grpc/src/client.js:583:15 {}$
2018-12-13T20:16:31.826Z ERROR   :HLFConnection            :invokeChainCode()         {"message":"Error trying invoke business network. Error: No valid responses from any peers.\nResponse from attempted peer comms was an error: Error: 2 UNKNOWN: error executing chaincode: transaction returned with failure: Error: Failed to add object with ID 'Farmer1' in collection with ID 'Participant:ch.cowchain.Farmer' as the object already exists","stack":"Error: Error trying invoke business network. Error: No valid responses from any peers.\nResponse from attempted peer comms was an error: Error: 2 UNKNOWN: error executing chaincode: transaction returned with failure: Error: Failed to add object with ID 'Farmer1' in collection with ID 'Participant:ch.cowchain.Farmer' as the object already exists\n    at HLFConnection.invokeChainCode (/home/composer/.npm-global/lib/node_modules/composer-rest-server/node_modules/composer-connector-hlfv1/lib/hlfconnection.js:999:30)\n    at <anonymous>"}$
2018-12-13T20:53:20.504Z ERROR   :HLFConnectionManager     :fabric-client()           [client-utils.js]: sendPeersProposal - Promise is rejected: Error: 2 UNKNOWN: error executing chaincode: transaction returned with failure: Error: Object with ID 'resource:ch.cowchain.Farmer' in collection with ID 'Participant:ch.cowchain.Farmer' does not exist
    at new createStatusError (/home/composer/.npm-global/lib/node_modules/composer-rest-server/node_modules/grpc/src/client.js:64:15)
    at /home/composer/.npm-global/lib/node_modules/composer-rest-server/node_modules/grpc/src/client.js:583:15 {}$
2018-12-13T20:53:24.589Z ERROR   :HLFConnectionManager     :fabric-client()           [client-utils.js]: sendPeersProposal - Promise is rejected: Error: 2 UNKNOWN: error executing chaincode: transaction returned with failure: Error: Object with ID 'resource:ch.cowchain.Farmer' in collection with ID 'Participant:ch.cowchain.Farmer' does not exist
    at new createStatusError (/home/composer/.npm-global/lib/node_modules/composer-rest-server/node_modules/grpc/src/client.js:64:15)
    at /home/composer/.npm-global/lib/node_modules/composer-rest-server/node_modules/grpc/src/client.js:583:15 {}$
2018-12-13T20:53:30.148Z ERROR   :HLFConnectionManager     :fabric-client()           [client-utils.js]: sendPeersProposal - Promise is rejected: Error: 2 UNKNOWN: error executing chaincode: transaction returned with failure: Error: Object with ID 'resource:ch.cowchain.Farmer' in collection with ID 'Participant:ch.cowchain.Farmer' does not exist
    at new createStatusError (/home/composer/.npm-global/lib/node_modules/composer-rest-server/node_modules/grpc/src/client.js:64:15)
    at /home/composer/.npm-global/lib/node_modules/composer-rest-server/node_modules/grpc/src/client.js:583:15 {}$
2018-12-13T20:53:34.381Z ERROR   :HLFConnectionManager     :fabric-client()           [client-utils.js]: sendPeersProposal - Promise is rejected: Error: 2 UNKNOWN: error executing chaincode: transaction returned with failure: Error: Object with ID 'resource:ch.cowchain.Farmer' in collection with ID 'Participant:ch.cowchain.Farmer' does not exist
    at new createStatusError (/home/composer/.npm-global/lib/node_modules/composer-rest-server/node_modules/grpc/src/client.js:64:15)
    at /home/composer/.npm-global/lib/node_modules/composer-rest-server/node_modules/grpc/src/client.js:583:15 {}$
2018-12-13T20:53:37.456Z ERROR   :HLFConnectionManager     :fabric-client()           [client-utils.js]: sendPeersProposal - Promise is rejected: Error: 2 UNKNOWN: error executing chaincode: transaction returned with failure: Error: Object with ID 'resource:ch.cowchain.Farmer' in collection with ID 'Participant:ch.cowchain.Farmer' does not exist
    at new createStatusError (/home/composer/.npm-global/lib/node_modules/composer-rest-server/node_modules/grpc/src/client.js:64:15)
    at /home/composer/.npm-global/lib/node_modules/composer-rest-server/node_modules/grpc/src/client.js:583:15 {}$
2018-12-13T20:53:38.110Z ERROR   :HLFConnectionManager     :fabric-client()           [client-utils.js]: sendPeersProposal - Promise is rejected: Error: 2 UNKNOWN: error executing chaincode: transaction returned with failure: Error: Object with ID 'resource:ch.cowchain.Farmer' in collection with ID 'Participant:ch.cowchain.Farmer' does not exist
    at new createStatusError (/home/composer/.npm-global/lib/node_modules/composer-rest-server/node_modules/grpc/src/client.js:64:15)
    at /home/composer/.npm-global/lib/node_modules/composer-rest-server/node_modules/grpc/src/client.js:583:15 {}$
2018-12-13T20:53:40.202Z ERROR   :HLFConnectionManager     :fabric-client()           [client-utils.js]: sendPeersProposal - Promise is rejected: Error: 2 UNKNOWN: error executing chaincode: transaction returned with failure: Error: Object with ID 'resource:ch.cowchain.Farmer' in collection with ID 'Participant:ch.cowchain.Farmer' does not exist
    at new createStatusError (/home/composer/.npm-global/lib/node_modules/composer-rest-server/node_modules/grpc/src/client.js:64:15)
    at /home/composer/.npm-global/lib/node_modules/composer-rest-server/node_modules/grpc/src/client.js:583:15 {}$
2018-12-13T20:53:41.661Z ERROR   :HLFConnectionManager     :fabric-client()           [client-utils.js]: sendPeersProposal - Promise is rejected: Error: 2 UNKNOWN: error executing chaincode: transaction returned with failure: Error: Object with ID 'resource:ch.cowchain.Farmer' in collection with ID 'Participant:ch.cowchain.Farmer' does not exist
    at new createStatusError (/home/composer/.npm-global/lib/node_modules/composer-rest-server/node_modules/grpc/src/client.js:64:15)
    at /home/composer/.npm-global/lib/node_modules/composer-rest-server/node_modules/grpc/src/client.js:583:15 {}$
2018-12-13T20:53:45.891Z ERROR   :HLFConnectionManager     :fabric-client()           [client-utils.js]: sendPeersProposal - Promise is rejected: Error: 2 UNKNOWN: error executing chaincode: transaction returned with failure: Error: Object with ID 'resource:ch.cowchain.Farmer' in collection with ID 'Participant:ch.cowchain.Farmer' does not exist
    at new createStatusError (/home/composer/.npm-global/lib/node_modules/composer-rest-server/node_modules/grpc/src/client.js:64:15)
    at /home/composer/.npm-global/lib/node_modules/composer-rest-server/node_modules/grpc/src/client.js:583:15 {}$
2018-12-13T20:53:46.200Z ERROR   :HLFConnectionManager     :fabric-client()           [client-utils.js]: sendPeersProposal - Promise is rejected: Error: 2 UNKNOWN: error executing chaincode: transaction returned with failure: Error: Object with ID 'resource:ch.cowchain.Farmer' in collection with ID 'Participant:ch.cowchain.Farmer' does not exist
    at new createStatusError (/home/composer/.npm-global/lib/node_modules/composer-rest-server/node_modules/grpc/src/client.js:64:15)
    at /home/composer/.npm-global/lib/node_modules/composer-rest-server/node_modules/grpc/src/client.js:583:15 {}$
2018-12-13T20:53:56.412Z ERROR   :HLFConnectionManager     :fabric-client()           [client-utils.js]: sendPeersProposal - Promise is rejected: Error: 2 UNKNOWN: error executing chaincode: transaction returned with failure: Error: Object with ID 'resource:ch.cowchain.Farmer' in collection with ID 'Participant:ch.cowchain.Farmer' does not exist
    at new createStatusError (/home/composer/.npm-global/lib/node_modules/composer-rest-server/node_modules/grpc/src/client.js:64:15)
    at /home/composer/.npm-global/lib/node_modules/composer-rest-server/node_modules/grpc/src/client.js:583:15 {}$
2018-12-13T20:54:00.015Z ERROR   :HLFConnectionManager     :fabric-client()           [client-utils.js]: sendPeersProposal - Promise is rejected: Error: 2 UNKNOWN: error executing chaincode: transaction returned with failure: Error: Object with ID 'resource:ch.cowchain.Farmer' in collection with ID 'Participant:ch.cowchain.Farmer' does not exist
    at new createStatusError (/home/composer/.npm-global/lib/node_modules/composer-rest-server/node_modules/grpc/src/client.js:64:15)
    at /home/composer/.npm-global/lib/node_modules/composer-rest-server/node_modules/grpc/src/client.js:583:15 {}$
2018-12-13T20:54:04.468Z ERROR   :HLFConnectionManager     :fabric-client()           [client-utils.js]: sendPeersProposal - Promise is rejected: Error: 2 UNKNOWN: error executing chaincode: transaction returned with failure: Error: Object with ID 'resource:ch.cowchain.Farmer' in collection with ID 'Participant:ch.cowchain.Farmer' does not exist
    at new createStatusError (/home/composer/.npm-global/lib/node_modules/composer-rest-server/node_modules/grpc/src/client.js:64:15)
    at /home/composer/.npm-global/lib/node_modules/composer-rest-server/node_modules/grpc/src/client.js:583:15 {}$
2018-12-13T22:18:13.306Z ERROR   :HLFConnectionManager     :fabric-client()           [client-utils.js]: sendPeersProposal - Promise is rejected: Error: 2 UNKNOWN: error executing chaincode: transaction returned with failure: Error: Object with ID 'undefined' in collection with ID 'Participant:ch.cowchain.Operator' does not exist
    at new createStatusError (/home/composer/.npm-global/lib/node_modules/composer-rest-server/node_modules/grpc/src/client.js:64:15)
    at /home/composer/.npm-global/lib/node_modules/composer-rest-server/node_modules/grpc/src/client.js:583:15 {}$
2018-12-13T22:40:31.131Z ERROR   :HLFConnectionManager     :fabric-client()           [ChannelEventHub.js]: _connect - timed out after:300000 {}$
2018-12-13T22:40:31.171Z ERROR   :HLFConnectionManager     :fabric-client()           [Peer.js]: sendProposal - timed out after:300000 {}$
2018-12-13T22:45:34.317Z ERROR   :HLFConnectionManager     :fabric-client()           [ChannelEventHub.js]: _connect - timed out after:300000 {}$
2018-12-13T22:45:34.349Z ERROR   :HLFConnectionManager     :fabric-client()           [Peer.js]: sendProposal - timed out after:300000 {}$
2018-12-13T23:40:51.219Z ERROR   :HLFConnectionManager     :fabric-client()           [ChannelEventHub.js]: _connect - timed out after:300000 {}$
2018-12-13T23:40:51.249Z ERROR   :HLFConnectionManager     :fabric-client()           [Peer.js]: sendProposal - timed out after:300000 {}$
2018-12-14T00:35:10.137Z ERROR   :HLFConnectionManager     :fabric-client()           [ChannelEventHub.js]: _connect - timed out after:300000 {}$
2018-12-14T00:35:10.178Z ERROR   :HLFConnectionManager     :fabric-client()           [Peer.js]: sendProposal - timed out after:300000 {}$
